{"/Users/arisalehpour/Desktop/Development/Capstone/intention-monorepo-all/intention-frontend/app/(auth)/Components/ContactSync/backendService.ts": {"path":"/Users/arisalehpour/Desktop/Development/Capstone/intention-monorepo-all/intention-frontend/app/(auth)/Components/ContactSync/backendService.ts","statementMap":{"0":{"start":{"line":3,"column":24},"end":{"line":3,"column":47}},"1":{"start":{"line":7,"column":37},"end":{"line":45,"column":1}},"2":{"start":{"line":9,"column":4},"end":{"line":43,"column":5}},"3":{"start":{"line":10,"column":34},"end":{"line":27,"column":10}},"4":{"start":{"line":18,"column":32},"end":{"line":19,"column":69}},"5":{"start":{"line":21,"column":12},"end":{"line":26,"column":13}},"6":{"start":{"line":30,"column":25},"end":{"line":37,"column":10}},"7":{"start":{"line":42,"column":8},"end":{"line":42,"column":67}},"8":{"start":{"line":47,"column":42},"end":{"line":65,"column":1}},"9":{"start":{"line":48,"column":4},"end":{"line":62,"column":5}},"10":{"start":{"line":51,"column":25},"end":{"line":53,"column":10}},"11":{"start":{"line":55,"column":34},"end":{"line":55,"column":55}},"12":{"start":{"line":56,"column":8},"end":{"line":56,"column":83}},"13":{"start":{"line":57,"column":8},"end":{"line":57,"column":33}},"14":{"start":{"line":61,"column":8},"end":{"line":61,"column":73}},"15":{"start":{"line":67,"column":34},"end":{"line":105,"column":1}},"16":{"start":{"line":68,"column":4},"end":{"line":104,"column":5}},"17":{"start":{"line":70,"column":25},"end":{"line":70,"column":39}},"18":{"start":{"line":73,"column":30},"end":{"line":73,"column":59}},"19":{"start":{"line":76,"column":29},"end":{"line":76,"column":45}},"20":{"start":{"line":77,"column":25},"end":{"line":77,"column":50}},"21":{"start":{"line":79,"column":25},"end":{"line":86,"column":10}},"22":{"start":{"line":89,"column":8},"end":{"line":98,"column":9}},"23":{"start":{"line":90,"column":33},"end":{"line":90,"column":54}},"24":{"start":{"line":91,"column":12},"end":{"line":91,"column":87}},"25":{"start":{"line":94,"column":40},"end":{"line":94,"column":61}},"26":{"start":{"line":95,"column":37},"end":{"line":95,"column":64}},"27":{"start":{"line":96,"column":12},"end":{"line":96,"column":63}},"28":{"start":{"line":97,"column":12},"end":{"line":97,"column":36}},"29":{"start":{"line":103,"column":8},"end":{"line":103,"column":64}},"30":{"start":{"line":107,"column":39},"end":{"line":126,"column":1}},"31":{"start":{"line":108,"column":4},"end":{"line":125,"column":5}},"32":{"start":{"line":109,"column":25},"end":{"line":116,"column":10}},"33":{"start":{"line":118,"column":8},"end":{"line":121,"column":9}},"34":{"start":{"line":119,"column":33},"end":{"line":119,"column":54}},"35":{"start":{"line":120,"column":12},"end":{"line":120,"column":87}},"36":{"start":{"line":124,"column":8},"end":{"line":124,"column":73}},"37":{"start":{"line":148,"column":36},"end":{"line":166,"column":1}},"38":{"start":{"line":149,"column":4},"end":{"line":165,"column":5}},"39":{"start":{"line":150,"column":25},"end":{"line":152,"column":10}},"40":{"start":{"line":154,"column":8},"end":{"line":161,"column":9}},"41":{"start":{"line":155,"column":33},"end":{"line":155,"column":54}},"42":{"start":{"line":156,"column":12},"end":{"line":156,"column":87}},"43":{"start":{"line":159,"column":27},"end":{"line":159,"column":48}},"44":{"start":{"line":160,"column":12},"end":{"line":160,"column":26}},"45":{"start":{"line":164,"column":8},"end":{"line":164,"column":74}},"46":{"start":{"line":171,"column":39},"end":{"line":189,"column":1}},"47":{"start":{"line":172,"column":4},"end":{"line":188,"column":5}},"48":{"start":{"line":173,"column":25},"end":{"line":175,"column":10}},"49":{"start":{"line":177,"column":8},"end":{"line":184,"column":9}},"50":{"start":{"line":178,"column":33},"end":{"line":178,"column":54}},"51":{"start":{"line":179,"column":12},"end":{"line":179,"column":87}},"52":{"start":{"line":182,"column":26},"end":{"line":182,"column":47}},"53":{"start":{"line":183,"column":12},"end":{"line":183,"column":25}},"54":{"start":{"line":187,"column":8},"end":{"line":187,"column":73}}},"fnMap":{"0":{"name":"(anonymous_0)","decl":{"start":{"line":7,"column":37},"end":{"line":7,"column":38}},"loc":{"start":{"line":7,"column":83},"end":{"line":45,"column":1}},"line":7},"1":{"name":"(anonymous_1)","decl":{"start":{"line":10,"column":51},"end":{"line":10,"column":52}},"loc":{"start":{"line":10,"column":63},"end":{"line":27,"column":9}},"line":10},"2":{"name":"(anonymous_2)","decl":{"start":{"line":47,"column":42},"end":{"line":47,"column":43}},"loc":{"start":{"line":47,"column":67},"end":{"line":65,"column":1}},"line":47},"3":{"name":"(anonymous_3)","decl":{"start":{"line":67,"column":34},"end":{"line":67,"column":35}},"loc":{"start":{"line":67,"column":56},"end":{"line":105,"column":1}},"line":67},"4":{"name":"(anonymous_4)","decl":{"start":{"line":107,"column":39},"end":{"line":107,"column":40}},"loc":{"start":{"line":107,"column":81},"end":{"line":126,"column":1}},"line":107},"5":{"name":"(anonymous_5)","decl":{"start":{"line":148,"column":36},"end":{"line":148,"column":37}},"loc":{"start":{"line":148,"column":60},"end":{"line":166,"column":1}},"line":148},"6":{"name":"(anonymous_6)","decl":{"start":{"line":171,"column":39},"end":{"line":171,"column":40}},"loc":{"start":{"line":171,"column":65},"end":{"line":189,"column":1}},"line":171}},"branchMap":{"0":{"loc":{"start":{"line":25,"column":24},"end":{"line":25,"column":64}},"type":"cond-expr","locations":[{"start":{"line":25,"column":38},"end":{"line":25,"column":49}},{"start":{"line":25,"column":52},"end":{"line":25,"column":64}}],"line":25},"1":{"loc":{"start":{"line":89,"column":8},"end":{"line":98,"column":9}},"type":"if","locations":[{"start":{"line":89,"column":8},"end":{"line":98,"column":9}},{"start":{"line":93,"column":13},"end":{"line":98,"column":9}}],"line":89},"2":{"loc":{"start":{"line":118,"column":8},"end":{"line":121,"column":9}},"type":"if","locations":[{"start":{"line":118,"column":8},"end":{"line":121,"column":9}},{"start":{},"end":{}}],"line":118},"3":{"loc":{"start":{"line":154,"column":8},"end":{"line":161,"column":9}},"type":"if","locations":[{"start":{"line":154,"column":8},"end":{"line":161,"column":9}},{"start":{"line":158,"column":13},"end":{"line":161,"column":9}}],"line":154},"4":{"loc":{"start":{"line":177,"column":8},"end":{"line":184,"column":9}},"type":"if","locations":[{"start":{"line":177,"column":8},"end":{"line":184,"column":9}},{"start":{"line":181,"column":13},"end":{"line":184,"column":9}}],"line":177}},"s":{"0":1,"1":1,"2":1,"3":1,"4":1,"5":1,"6":1,"7":0,"8":1,"9":1,"10":1,"11":1,"12":1,"13":1,"14":0,"15":1,"16":1,"17":1,"18":1,"19":1,"20":1,"21":1,"22":1,"23":0,"24":0,"25":1,"26":1,"27":1,"28":1,"29":0,"30":1,"31":1,"32":1,"33":1,"34":0,"35":0,"36":0,"37":1,"38":1,"39":1,"40":1,"41":0,"42":0,"43":1,"44":1,"45":0,"46":1,"47":1,"48":1,"49":1,"50":0,"51":0,"52":1,"53":1,"54":0},"f":{"0":1,"1":1,"2":1,"3":1,"4":1,"5":1,"6":1},"b":{"0":[1,0],"1":[0,1],"2":[0,1],"3":[0,1],"4":[0,1]},"_coverageSchema":"1a1c01bbd47fc00a2c39e90264f33305004495a9","hash":"8489f7a16483995e7de4aa078524144300a2a438"}
,"/Users/arisalehpour/Desktop/Development/Capstone/intention-monorepo-all/intention-frontend/app/(auth)/Components/ContactSync/contactService.ts": {"path":"/Users/arisalehpour/Desktop/Development/Capstone/intention-monorepo-all/intention-frontend/app/(auth)/Components/ContactSync/contactService.ts","statementMap":{"0":{"start":{"line":5,"column":36},"end":{"line":33,"column":1}},"1":{"start":{"line":6,"column":4},"end":{"line":32,"column":5}},"2":{"start":{"line":8,"column":25},"end":{"line":8,"column":65}},"3":{"start":{"line":9,"column":8},"end":{"line":28,"column":9}},"4":{"start":{"line":10,"column":29},"end":{"line":17,"column":14}},"5":{"start":{"line":20,"column":12},"end":{"line":25,"column":13}},"6":{"start":{"line":21,"column":16},"end":{"line":21,"column":28}},"7":{"start":{"line":24,"column":16},"end":{"line":24,"column":26}},"8":{"start":{"line":27,"column":12},"end":{"line":27,"column":58}},"9":{"start":{"line":31,"column":8},"end":{"line":31,"column":72}}},"fnMap":{"0":{"name":"(anonymous_0)","decl":{"start":{"line":5,"column":36},"end":{"line":5,"column":37}},"loc":{"start":{"line":5,"column":47},"end":{"line":33,"column":1}},"line":5}},"branchMap":{"0":{"loc":{"start":{"line":9,"column":8},"end":{"line":28,"column":9}},"type":"if","locations":[{"start":{"line":9,"column":8},"end":{"line":28,"column":9}},{"start":{"line":26,"column":15},"end":{"line":28,"column":9}}],"line":9},"1":{"loc":{"start":{"line":20,"column":12},"end":{"line":25,"column":13}},"type":"if","locations":[{"start":{"line":20,"column":12},"end":{"line":25,"column":13}},{"start":{"line":23,"column":19},"end":{"line":25,"column":13}}],"line":20}},"s":{"0":1,"1":4,"2":4,"3":4,"4":3,"5":2,"6":1,"7":1,"8":1,"9":2},"f":{"0":4},"b":{"0":[3,1],"1":[1,1]},"_coverageSchema":"1a1c01bbd47fc00a2c39e90264f33305004495a9","hash":"45df4991a5f3c069073da28c420b080a28a1d10c"}
,"/Users/arisalehpour/Desktop/Development/Capstone/intention-monorepo-all/intention-frontend/app/(auth)/Components/UserSync/userService.ts": {"path":"/Users/arisalehpour/Desktop/Development/Capstone/intention-monorepo-all/intention-frontend/app/(auth)/Components/UserSync/userService.ts","statementMap":{"0":{"start":{"line":4,"column":26},"end":{"line":22,"column":1}},"1":{"start":{"line":5,"column":4},"end":{"line":5,"column":52}},"2":{"start":{"line":6,"column":21},"end":{"line":6,"column":58}},"3":{"start":{"line":7,"column":19},"end":{"line":7,"column":37}},"4":{"start":{"line":9,"column":4},"end":{"line":9,"column":42}},"5":{"start":{"line":11,"column":4},"end":{"line":20,"column":5}},"6":{"start":{"line":13,"column":8},"end":{"line":13,"column":35}},"7":{"start":{"line":15,"column":8},"end":{"line":15,"column":17}},"8":{"start":{"line":18,"column":8},"end":{"line":18,"column":54}},"9":{"start":{"line":19,"column":8},"end":{"line":19,"column":22}},"10":{"start":{"line":24,"column":30},"end":{"line":40,"column":1}},"11":{"start":{"line":25,"column":4},"end":{"line":25,"column":48}},"12":{"start":{"line":26,"column":21},"end":{"line":26,"column":58}},"13":{"start":{"line":27,"column":22},"end":{"line":27,"column":39}},"14":{"start":{"line":29,"column":4},"end":{"line":29,"column":45}},"15":{"start":{"line":31,"column":4},"end":{"line":39,"column":5}},"16":{"start":{"line":33,"column":8},"end":{"line":33,"column":35}},"17":{"start":{"line":34,"column":8},"end":{"line":34,"column":17}},"18":{"start":{"line":37,"column":8},"end":{"line":37,"column":50}},"19":{"start":{"line":38,"column":8},"end":{"line":38,"column":22}}},"fnMap":{"0":{"name":"(anonymous_0)","decl":{"start":{"line":4,"column":26},"end":{"line":4,"column":27}},"loc":{"start":{"line":4,"column":47},"end":{"line":22,"column":1}},"line":4},"1":{"name":"(anonymous_1)","decl":{"start":{"line":24,"column":30},"end":{"line":24,"column":31}},"loc":{"start":{"line":24,"column":47},"end":{"line":40,"column":1}},"line":24}},"branchMap":{"0":{"loc":{"start":{"line":11,"column":4},"end":{"line":20,"column":5}},"type":"if","locations":[{"start":{"line":11,"column":4},"end":{"line":20,"column":5}},{"start":{"line":17,"column":9},"end":{"line":20,"column":5}}],"line":11},"1":{"loc":{"start":{"line":31,"column":4},"end":{"line":39,"column":5}},"type":"if","locations":[{"start":{"line":31,"column":4},"end":{"line":39,"column":5}},{"start":{"line":36,"column":9},"end":{"line":39,"column":5}}],"line":31}},"s":{"0":1,"1":2,"2":2,"3":2,"4":2,"5":2,"6":1,"7":1,"8":1,"9":1,"10":1,"11":0,"12":0,"13":0,"14":0,"15":0,"16":0,"17":0,"18":0,"19":0},"f":{"0":2,"1":0},"b":{"0":[1,1],"1":[0,0]},"_coverageSchema":"1a1c01bbd47fc00a2c39e90264f33305004495a9","hash":"c6b582529a3f96b83124c42054fc2710757c0649"}
}
