TN:
SF:app/(auth)/Components/ContactSync/backendService.ts
FN:7,(anonymous_0)
FN:10,(anonymous_1)
FN:47,(anonymous_2)
FN:67,(anonymous_3)
FN:107,(anonymous_4)
FN:148,(anonymous_5)
FN:171,(anonymous_6)
FNF:7
FNH:7
FNDA:1,(anonymous_0)
FNDA:1,(anonymous_1)
FNDA:1,(anonymous_2)
FNDA:1,(anonymous_3)
FNDA:1,(anonymous_4)
FNDA:1,(anonymous_5)
FNDA:1,(anonymous_6)
DA:3,1
DA:7,1
DA:9,1
DA:10,1
DA:18,1
DA:21,1
DA:30,1
DA:42,0
DA:47,1
DA:48,1
DA:51,1
DA:55,1
DA:56,1
DA:57,1
DA:61,0
DA:67,1
DA:68,1
DA:70,1
DA:73,1
DA:76,1
DA:77,1
DA:79,1
DA:89,1
DA:90,0
DA:91,0
DA:94,1
DA:95,1
DA:96,1
DA:97,1
DA:103,0
DA:107,1
DA:108,1
DA:109,1
DA:118,1
DA:119,0
DA:120,0
DA:124,0
DA:148,1
DA:149,1
DA:150,1
DA:154,1
DA:155,0
DA:156,0
DA:159,1
DA:160,1
DA:164,0
DA:171,1
DA:172,1
DA:173,1
DA:177,1
DA:178,0
DA:179,0
DA:182,1
DA:183,1
DA:187,0
LF:55
LH:41
BRDA:25,0,0,1
BRDA:25,0,1,0
BRDA:89,1,0,0
BRDA:89,1,1,1
BRDA:118,2,0,0
BRDA:118,2,1,1
BRDA:154,3,0,0
BRDA:154,3,1,1
BRDA:177,4,0,0
BRDA:177,4,1,1
BRF:10
BRH:5
end_of_record
TN:
SF:app/(auth)/Components/ContactSync/contactService.ts
FN:5,(anonymous_0)
FNF:1
FNH:1
FNDA:4,(anonymous_0)
DA:5,1
DA:6,4
DA:8,4
DA:9,4
DA:10,3
DA:20,2
DA:21,1
DA:24,1
DA:27,1
DA:31,2
LF:10
LH:10
BRDA:9,0,0,3
BRDA:9,0,1,1
BRDA:20,1,0,1
BRDA:20,1,1,1
BRF:4
BRH:4
end_of_record
TN:
SF:app/(auth)/Components/UserSync/userService.ts
FN:4,(anonymous_0)
FN:24,(anonymous_1)
FNF:2
FNH:1
FNDA:2,(anonymous_0)
FNDA:0,(anonymous_1)
DA:4,1
DA:5,2
DA:6,2
DA:7,2
DA:9,2
DA:11,2
DA:13,1
DA:15,1
DA:18,1
DA:19,1
DA:24,1
DA:25,0
DA:26,0
DA:27,0
DA:29,0
DA:31,0
DA:33,0
DA:34,0
DA:37,0
DA:38,0
LF:20
LH:11
BRDA:11,0,0,1
BRDA:11,0,1,1
BRDA:31,1,0,0
BRDA:31,1,1,0
BRF:4
BRH:2
end_of_record
